Objective  : REVENUE
Alg        : algo9
Constraint : B=1804.73, eps=0.1, mode=best(A,G)
Graph      : n=12008, m=237010, undirected=1
B_factor   : 0.300000
total_cost : 6015.781734
B          : 1804.734520
eps        : 0.100000
f_value    : 56719.087399
queries    : 45549994
time_sec   : 291.529126
size(S)    : 4612
rss0_kb    : 21504
peak_kb    : 76624
mem_kb     : 55120  (peak-baseline)
CSV        : appended to Hept.csv
Objective  : REVENUE
Alg        : algo10
Constraint : B=1804.73, eps=0.1
Graph      : n=12008, m=237010, undirected=1
B_factor   : 0.300000
total_cost : 6015.781734
B          : 1804.734520
eps        : 0.100000
f_value    : 60417.687020
queries    : 66640641
time_sec   : 408.066901
size(S)    : 4362
rss0_kb    : 21588
peak_kb    : 76836
mem_kb     : 55248  (peak-baseline)
CSV        : appended to Hept.csv
Objective  : REVENUE
Alg        : edl
Constraint : B=1804.73, eps=0.1
Graph      : n=12008, m=237010, undirected=1
B_factor   : 0.300000
total_cost : 6015.781734
B          : 1804.734520
eps        : 0.100000
f_value    : 46295.066559
queries    : 21918346
time_sec   : 250.717442
size(S)    : 3961
rss0_kb    : 21500
peak_kb    : 22308
mem_kb     : 808  (peak-baseline)
CSV        : appended to Hept.csv
Objective  : REVENUE
Alg        : twin_greedy
Constraint : B=1804.73
Graph      : n=12008, m=237010, undirected=1
B_factor   : 0.300000
total_cost : 6015.781734
B          : 1804.734520
f_value    : 46326.672172
queries    : 128015490
time_sec   : 1082.987039
size(S)    : 3960
rss0_kb    : 21520
peak_kb    : 22328
mem_kb     : 808  (peak-baseline)
CSV        : appended to Hept.csv
Objective  : REVENUE
Alg        : dcs
Constraint : B=2105.52, w=2
Graph      : n=12008, m=237010, undirected=1
B_factor   : 0.350000
total_cost : 6015.781734
B          : 2105.523607
w          : 2
f_value    : 41644.098768
queries    : 24020
time_sec   : 0.418755
size(S)    : 1903
rss0_kb    : 21576
peak_kb    : 22392
mem_kb     : 816  (peak-baseline)
CSV        : appended to Hept.csv
Objective  : REVENUE
Alg        : dcms
Constraint : B=2105.52, w=2, eps=0.1, alpha=2
Graph      : n=12008, m=237010, undirected=1
B_factor   : 0.350000
total_cost : 6015.781734
B          : 2105.523607
eps        : 0.100000
w          : 2
alpha      : 2
f_value    : 39225.206861
queries    : 1881225
time_sec   : 27.640117
size(S)    : 4668
rss0_kb    : 21568
peak_kb    : 24672
mem_kb     : 3104  (peak-baseline)
CSV        : appended to Hept.csv
Objective  : REVENUE
Alg        : algo9
Constraint : B=2105.52, eps=0.1, mode=best(A,G)
Graph      : n=12008, m=237010, undirected=1
B_factor   : 0.350000
total_cost : 6015.781734
B          : 2105.523607
eps        : 0.100000
f_value    : 57073.704253
queries    : 49005264
time_sec   : 304.652294
size(S)    : 5080
rss0_kb    : 21516
peak_kb    : 82324
mem_kb     : 60808  (peak-baseline)
CSV        : appended to Hept.csv
Objective  : REVENUE
Alg        : algo10
Constraint : B=2105.52, eps=0.1
Graph      : n=12008, m=237010, undirected=1
B_factor   : 0.350000
total_cost : 6015.781734
B          : 2105.523607
eps        : 0.100000
f_value    : 60987.674720
queries    : 69317919
time_sec   : 419.134965
size(S)    : 4787
rss0_kb    : 21524
peak_kb    : 82292
mem_kb     : 60768  (peak-baseline)
CSV        : appended to Hept.csv
Objective  : REVENUE
Alg        : edl
Constraint : B=2105.52, eps=0.1
Graph      : n=12008, m=237010, undirected=1
B_factor   : 0.350000
total_cost : 6015.781734
B          : 2105.523607
eps        : 0.100000
f_value    : 46464.500810
queries    : 24515412
time_sec   : 287.915834
size(S)    : 4369
rss0_kb    : 21596
peak_kb    : 21596
mem_kb     : 0  (peak-baseline)
CSV        : appended to Hept.csv
Objective  : REVENUE
Alg        : twin_greedy
Constraint : B=2105.52
Graph      : n=12008, m=237010, undirected=1
B_factor   : 0.350000
total_cost : 6015.781734
B          : 2105.523607
f_value    : 46441.759075
queries    : 133926862
time_sec   : 1174.955364
size(S)    : 4408
rss0_kb    : 21576
peak_kb    : 22400
mem_kb     : 824  (peak-baseline)
CSV        : appended to Hept.csv
Objective  : REVENUE
Alg        : dcs
Constraint : B=2406.31, w=2
Graph      : n=12008, m=237010, undirected=1
B_factor   : 0.400000
total_cost : 6015.781734
B          : 2406.312694
w          : 2
f_value    : 41907.113911
queries    : 24020
time_sec   : 0.430821
size(S)    : 2005
rss0_kb    : 21616
peak_kb    : 22356
mem_kb     : 740  (peak-baseline)
CSV        : appended to Hept.csv
Objective  : REVENUE
Alg        : dcms
Constraint : B=2406.31, w=2, eps=0.1, alpha=2
Graph      : n=12008, m=237010, undirected=1
B_factor   : 0.400000
total_cost : 6015.781734
B          : 2406.312694
eps        : 0.100000
w          : 2
alpha      : 2
f_value    : 38659.592139
queries    : 1874971
time_sec   : 27.378884
size(S)    : 5240
rss0_kb    : 21460
peak_kb    : 24668
mem_kb     : 3208  (peak-baseline)
CSV        : appended to Hept.csv
Objective  : REVENUE
Alg        : algo9
Constraint : B=2406.31, eps=0.1, mode=best(A,G)
Graph      : n=12008, m=237010, undirected=1
B_factor   : 0.400000
total_cost : 6015.781734
B          : 2406.312694
eps        : 0.100000
f_value    : 57150.296524
queries    : 50615435
time_sec   : 314.079869
size(S)    : 5302
rss0_kb    : 21612
peak_kb    : 84972
mem_kb     : 63360  (peak-baseline)
CSV        : appended to Hept.csv
Objective  : REVENUE
Alg        : algo10
Constraint : B=2406.31, eps=0.1
Graph      : n=12008, m=237010, undirected=1
B_factor   : 0.400000
total_cost : 6015.781734
B          : 2406.312694
eps        : 0.100000
f_value    : 61117.054252
queries    : 70065313
time_sec   : 434.522738
size(S)    : 4987
rss0_kb    : 21524
peak_kb    : 84816
mem_kb     : 63292  (peak-baseline)
CSV        : appended to Hept.csv
Objective  : REVENUE
Alg        : edl
Constraint : B=2406.31, eps=0.1
Graph      : n=12008, m=237010, undirected=1
B_factor   : 0.400000
total_cost : 6015.781734
B          : 2406.312694
eps        : 0.100000
f_value    : 46054.582697
queries    : 25061450
time_sec   : 282.812581
size(S)    : 4501
rss0_kb    : 21464
peak_kb    : 22384
mem_kb     : 920  (peak-baseline)
CSV        : appended to Hept.csv
Objective  : REVENUE
Alg        : twin_greedy
Constraint : B=2406.31
Graph      : n=12008, m=237010, undirected=1
B_factor   : 0.400000
total_cost : 6015.781734
B          : 2406.312694
f_value    : 46444.463662
queries    : 134995886
time_sec   : 1202.838846
size(S)    : 4511
rss0_kb    : 21544
peak_kb    : 22356
mem_kb     : 812  (peak-baseline)
CSV        : appended to Hept.csv
Objective  : REVENUE
Alg        : dcs
Constraint : B=2707.1, w=2
Graph      : n=12008, m=237010, undirected=1
B_factor   : 0.450000
total_cost : 6015.781734
B          : 2707.101780
w          : 2
f_value    : 45062.578489
queries    : 24020
time_sec   : 0.415614
size(S)    : 2089
rss0_kb    : 21496
peak_kb    : 22240
mem_kb     : 744  (peak-baseline)
CSV        : appended to Hept.csv
Objective  : REVENUE
Alg        : dcms
Constraint : B=2707.1, w=2, eps=0.1, alpha=2
Graph      : n=12008, m=237010, undirected=1
B_factor   : 0.450000
total_cost : 6015.781734
B          : 2707.101780
eps        : 0.100000
w          : 2
alpha      : 2
f_value    : 38197.034470
queries    : 1829138
time_sec   : 26.781459
size(S)    : 5841
rss0_kb    : 21560
peak_kb    : 24724
mem_kb     : 3164  (peak-baseline)
CSV        : appended to Hept.csv
Objective  : REVENUE
Alg        : algo9
Constraint : B=2707.1, eps=0.1, mode=best(A,G)
Graph      : n=12008, m=237010, undirected=1
B_factor   : 0.450000
total_cost : 6015.781734
B          : 2707.101780
eps        : 0.100000
f_value    : 57153.361103
queries    : 50721250
time_sec   : 315.569657
size(S)    : 5316
rss0_kb    : 21516
peak_kb    : 85084
mem_kb     : 63568  (peak-baseline)
CSV        : appended to Hept.csv
Objective  : REVENUE
Alg        : algo10
Constraint : B=2707.1, eps=0.1
Graph      : n=12008, m=237010, undirected=1
B_factor   : 0.450000
total_cost : 6015.781734
B          : 2707.101780
eps        : 0.100000
f_value    : 61123.366812
queries    : 70213500
time_sec   : 432.542850
size(S)    : 5000
rss0_kb    : 21520
peak_kb    : 85068
mem_kb     : 63548  (peak-baseline)
CSV        : appended to Hept.csv
Objective  : REVENUE
Alg        : edl
Constraint : B=2707.1, eps=0.1
Graph      : n=12008, m=237010, undirected=1
B_factor   : 0.450000
total_cost : 6015.781734
B          : 2707.101780
eps        : 0.100000
f_value    : 47721.177825
queries    : 24778482
time_sec   : 283.832086
size(S)    : 4609
rss0_kb    : 21676
peak_kb    : 22448
mem_kb     : 772  (peak-baseline)
CSV        : appended to Hept.csv
Objective  : REVENUE
Alg        : twin_greedy
Constraint : B=2707.1
Graph      : n=12008, m=237010, undirected=1
B_factor   : 0.450000
total_cost : 6015.781734
B          : 2707.101780
f_value    : 46444.463662
queries    : 134995886
time_sec   : 1218.241520
size(S)    : 4511
rss0_kb    : 21592
peak_kb    : 22336
mem_kb     : 744  (peak-baseline)
CSV        : appended to Hept.csv
Objective  : REVENUE
Alg        : dcs
Constraint : B=3007.89, w=2
Graph      : n=12008, m=237010, undirected=1
B_factor   : 0.500000
total_cost : 6015.781734
B          : 3007.890867
w          : 2
f_value    : 45658.673678
queries    : 24020
time_sec   : 0.415467
size(S)    : 2207
rss0_kb    : 21540
peak_kb    : 22432
mem_kb     : 892  (peak-baseline)
CSV        : appended to Hept.csv
Objective  : REVENUE
Alg        : dcms
Constraint : B=3007.89, w=2, eps=0.1, alpha=2
Graph      : n=12008, m=237010, undirected=1
B_factor   : 0.500000
total_cost : 6015.781734
B          : 3007.890867
eps        : 0.100000
w          : 2
alpha      : 2
f_value    : 34902.529777
queries    : 1822995
time_sec   : 26.124242
size(S)    : 6401
rss0_kb    : 21508
peak_kb    : 24888
mem_kb     : 3380  (peak-baseline)
CSV        : appended to Hept.csv
Objective  : REVENUE
Alg        : algo9
Constraint : B=3007.89, eps=0.1, mode=best(A,G)
Graph      : n=12008, m=237010, undirected=1
B_factor   : 0.500000
total_cost : 6015.781734
B          : 3007.890867
eps        : 0.100000
f_value    : 57157.589791
queries    : 50892281
time_sec   : 315.199405
size(S)    : 5338
rss0_kb    : 21468
peak_kb    : 85300
mem_kb     : 63832  (peak-baseline)
CSV        : appended to Hept.csv
Objective  : REVENUE
Alg        : algo10
Constraint : B=3007.89, eps=0.1
Graph      : n=12008, m=237010, undirected=1
B_factor   : 0.500000
total_cost : 6015.781734
B          : 3007.890867
eps        : 0.100000
f_value    : 61136.620223
queries    : 70467390
time_sec   : 430.700387
size(S)    : 5017
rss0_kb    : 21548
peak_kb    : 85164
mem_kb     : 63616  (peak-baseline)
CSV        : appended to Hept.csv
Objective  : REVENUE
Alg        : edl
Constraint : B=3007.89, eps=0.1
Graph      : n=12008, m=237010, undirected=1
B_factor   : 0.500000
total_cost : 6015.781734
B          : 3007.890867
eps        : 0.100000
f_value    : 45976.151254
queries    : 24494300
time_sec   : 273.392316
size(S)    : 4484
rss0_kb    : 21464
peak_kb    : 22424
mem_kb     : 960  (peak-baseline)
CSV        : appended to Hept.csv
Objective  : REVENUE
Alg        : twin_greedy
Constraint : B=3007.89
Graph      : n=12008, m=237010, undirected=1
B_factor   : 0.500000
total_cost : 6015.781734
B          : 3007.890867
f_value    : 46444.463662
queries    : 134995886
time_sec   : 1184.478429
size(S)    : 4511
rss0_kb    : 21468
peak_kb    : 22276
mem_kb     : 808  (peak-baseline)
CSV        : appended to Hept.csv
Objective  : REVENUE
Alg        : dcs
Constraint : B=3308.68, w=2
Graph      : n=12008, m=237010, undirected=1
B_factor   : 0.550000
total_cost : 6015.781734
B          : 3308.679954
w          : 2
f_value    : 45862.480644
queries    : 24020
time_sec   : 0.411890
size(S)    : 2281
rss0_kb    : 21532
peak_kb    : 22332
mem_kb     : 800  (peak-baseline)
CSV        : appended to Hept.csv
Objective  : REVENUE
Alg        : dcms
Constraint : B=3308.68, w=2, eps=0.1, alpha=2
Graph      : n=12008, m=237010, undirected=1
B_factor   : 0.550000
total_cost : 6015.781734
B          : 3308.679954
eps        : 0.100000
w          : 2
alpha      : 2
f_value    : 32469.030646
queries    : 1863100
time_sec   : 27.474998
size(S)    : 6984
rss0_kb    : 21592
peak_kb    : 24964
mem_kb     : 3372  (peak-baseline)
CSV        : appended to Hept.csv
Objective  : REVENUE
Alg        : algo9
Constraint : B=3308.68, eps=0.1, mode=best(A,G)
Graph      : n=12008, m=237010, undirected=1
B_factor   : 0.550000
total_cost : 6015.781734
B          : 3308.679954
eps        : 0.100000
f_value    : 57158.782099
queries    : 50957629
time_sec   : 317.378415
size(S)    : 5346
rss0_kb    : 21520
peak_kb    : 85376
mem_kb     : 63856  (peak-baseline)
CSV        : appended to Hept.csv
Objective  : REVENUE
Alg        : algo10
Constraint : B=3308.68, eps=0.1
Graph      : n=12008, m=237010, undirected=1
B_factor   : 0.550000
total_cost : 6015.781734
B          : 3308.679954
eps        : 0.100000
f_value    : 61142.843105
queries    : 70551538
time_sec   : 445.779885
size(S)    : 5022
rss0_kb    : 21536
peak_kb    : 85348
mem_kb     : 63812  (peak-baseline)
CSV        : appended to Hept.csv
Objective  : REVENUE
Alg        : edl
Constraint : B=3308.68, eps=0.1
Graph      : n=12008, m=237010, undirected=1
B_factor   : 0.550000
total_cost : 6015.781734
B          : 3308.679954
eps        : 0.100000
f_value    : 47441.646967
queries    : 24279110
time_sec   : 268.173154
size(S)    : 4633
rss0_kb    : 21520
peak_kb    : 22448
mem_kb     : 928  (peak-baseline)
CSV        : appended to Hept.csv
Objective  : REVENUE
Alg        : twin_greedy
Constraint : B=3308.68
Graph      : n=12008, m=237010, undirected=1
B_factor   : 0.550000
total_cost : 6015.781734
B          : 3308.679954
f_value    : 46444.463662
queries    : 134995886
time_sec   : 1182.885433
size(S)    : 4511
rss0_kb    : 21580
peak_kb    : 22400
mem_kb     : 820  (peak-baseline)
CSV        : appended to Hept.csv
Objective  : REVENUE
Alg        : dcs
Constraint : B=3609.47, w=2
Graph      : n=12008, m=237010, undirected=1
B_factor   : 0.600000
total_cost : 6015.781734
B          : 3609.469040
w          : 2
f_value    : 45995.788286
queries    : 24020
time_sec   : 0.415639
size(S)    : 2335
rss0_kb    : 21520
peak_kb    : 22384
mem_kb     : 864  (peak-baseline)
CSV        : appended to Hept.csv
Objective  : REVENUE
Alg        : dcms
Constraint : B=3609.47, w=2, eps=0.1, alpha=2
Graph      : n=12008, m=237010, undirected=1
B_factor   : 0.600000
total_cost : 6015.781734
B          : 3609.469040
eps        : 0.100000
w          : 2
alpha      : 2
f_value    : 31337.887277
queries    : 1856902
time_sec   : 27.104568
size(S)    : 7544
rss0_kb    : 21536
peak_kb    : 25008
mem_kb     : 3472  (peak-baseline)
CSV        : appended to Hept.csv
Objective  : REVENUE
Alg        : algo9
Constraint : B=3609.47, eps=0.1, mode=best(A,G)
Graph      : n=12008, m=237010, undirected=1
B_factor   : 0.600000
total_cost : 6015.781734
B          : 3609.469040
eps        : 0.100000
f_value    : 57158.782099
queries    : 50957629
time_sec   : 316.282397
size(S)    : 5346
rss0_kb    : 21468
peak_kb    : 85372
mem_kb     : 63904  (peak-baseline)
CSV        : appended to Hept.csv
Objective  : REVENUE
Alg        : algo10
Constraint : B=3609.47, eps=0.1
Graph      : n=12008, m=237010, undirected=1
B_factor   : 0.600000
total_cost : 6015.781734
B          : 3609.469040
eps        : 0.100000
f_value    : 61142.843105
queries    : 70551538
time_sec   : 438.304734
size(S)    : 5022
rss0_kb    : 21504
peak_kb    : 85372
mem_kb     : 63868  (peak-baseline)
CSV        : appended to Hept.csv
Objective  : REVENUE
Alg        : edl
Constraint : B=3609.47, eps=0.1
Graph      : n=12008, m=237010, undirected=1
B_factor   : 0.600000
total_cost : 6015.781734
B          : 3609.469040
eps        : 0.100000
f_value    : 43679.691196
queries    : 24107764
time_sec   : 279.214086
size(S)    : 4597
rss0_kb    : 21488
peak_kb    : 22256
mem_kb     : 768  (peak-baseline)
CSV        : appended to Hept.csv
Objective  : REVENUE
Alg        : twin_greedy
Constraint : B=3609.47
Graph      : n=12008, m=237010, undirected=1
B_factor   : 0.600000
total_cost : 6015.781734
B          : 3609.469040
f_value    : 46444.463662
queries    : 134995886
time_sec   : 1229.438068
size(S)    : 4511
rss0_kb    : 21616
peak_kb    : 22484
mem_kb     : 868  (peak-baseline)
CSV        : appended to Hept.csv
Objective  : REVENUE
Alg        : dcs
Constraint : B=3910.26, w=2
Graph      : n=12008, m=237010, undirected=1
B_factor   : 0.650000
total_cost : 6015.781734
B          : 3910.258127
w          : 2
f_value    : 46060.507736
queries    : 24020
time_sec   : 0.413511
size(S)    : 2393
rss0_kb    : 21528
peak_kb    : 22368
mem_kb     : 840  (peak-baseline)
CSV        : appended to Hept.csv
Objective  : REVENUE
Alg        : dcms
Constraint : B=3910.26, w=2, eps=0.1, alpha=2
Graph      : n=12008, m=237010, undirected=1
B_factor   : 0.650000
total_cost : 6015.781734
B          : 3910.258127
eps        : 0.100000
w          : 2
alpha      : 2
f_value    : 30074.165783
queries    : 1850767
time_sec   : 26.994727
size(S)    : 8121
rss0_kb    : 21524
peak_kb    : 25080
mem_kb     : 3556  (peak-baseline)
CSV        : appended to Hept.csv
Objective  : REVENUE
Alg        : algo9
Constraint : B=3910.26, eps=0.1, mode=best(A,G)
Graph      : n=12008, m=237010, undirected=1
B_factor   : 0.650000
total_cost : 6015.781734
B          : 3910.258127
eps        : 0.100000
f_value    : 57160.019199
queries    : 51022913
time_sec   : 316.795463
size(S)    : 5354
rss0_kb    : 21548
peak_kb    : 85572
mem_kb     : 64024  (peak-baseline)
CSV        : appended to Hept.csv
Objective  : REVENUE
Alg        : algo10
Constraint : B=3910.26, eps=0.1
Graph      : n=12008, m=237010, undirected=1
B_factor   : 0.650000
total_cost : 6015.781734
B          : 3910.258127
eps        : 0.100000
f_value    : 61146.623538
queries    : 70637499
time_sec   : 430.451630
size(S)    : 5030
rss0_kb    : 21496
peak_kb    : 85312
mem_kb     : 63816  (peak-baseline)
CSV        : appended to Hept.csv
Objective  : REVENUE
Alg        : edl
Constraint : B=3910.26, eps=0.1
Graph      : n=12008, m=237010, undirected=1
B_factor   : 0.650000
total_cost : 6015.781734
B          : 3910.258127
eps        : 0.100000
f_value    : 45124.957650
queries    : 23922600
time_sec   : 276.071056
size(S)    : 4563
rss0_kb    : 21588
peak_kb    : 22388
mem_kb     : 800  (peak-baseline)
CSV        : appended to Hept.csv
Objective  : REVENUE
Alg        : twin_greedy
Constraint : B=3910.26
Graph      : n=12008, m=237010, undirected=1
B_factor   : 0.650000
total_cost : 6015.781734
B          : 3910.258127
f_value    : 46444.463662
queries    : 134995886
time_sec   : 1187.272311
size(S)    : 4511
rss0_kb    : 21524
peak_kb    : 22276
mem_kb     : 752  (peak-baseline)
CSV        : appended to Hept.csv
