Objective  : REVENUE
Alg        : dcs
Constraint : B=262.634, w=2
Graph      : n=5242, m=28980, undirected=1
B_factor   : 0.100000
total_cost : 2626.336792
B          : 262.633679
w          : 2
f_value    : 5973.403396
queries    : 10488
time_sec   : 0.014910
size(S)    : 604
rss0_kb    : 6016
peak_kb    : 6716
mem_kb     : 700  (peak-baseline)
CSV        : appended to GrQc.csv
Objective  : REVENUE
Alg        : dcms
Constraint : B=262.634, w=2, eps=0.1, alpha=2
Graph      : n=5242, m=28980, undirected=1
B_factor   : 0.100000
total_cost : 2626.336792
B          : 262.633679
eps        : 0.100000
w          : 2
alpha      : 2
f_value    : 6957.187003
queries    : 525294
time_sec   : 0.569518
size(S)    : 895
rss0_kb    : 5720
peak_kb    : 7384
mem_kb     : 1664  (peak-baseline)
CSV        : appended to GrQc.csv
Objective  : REVENUE
Alg        : algo9
Constraint : B=262.634, eps=0.1, mode=best(A,G)
Graph      : n=5242, m=28980, undirected=1
B_factor   : 0.100000
total_cost : 2626.336792
B          : 262.633679
eps        : 0.100000
f_value    : 8507.308178
queries    : 5501125
time_sec   : 4.320979
size(S)    : 1144
rss0_kb    : 5776
peak_kb    : 12488
mem_kb     : 6712  (peak-baseline)
CSV        : appended to GrQc.csv
Objective  : REVENUE
Alg        : algo10
Constraint : B=262.634, eps=0.1
Graph      : n=5242, m=28980, undirected=1
B_factor   : 0.100000
total_cost : 2626.336792
B          : 262.633679
eps        : 0.100000
f_value    : 8571.853508
queries    : 8404033
time_sec   : 6.765067
size(S)    : 1103
rss0_kb    : 5780
peak_kb    : 12820
mem_kb     : 7040  (peak-baseline)
CSV        : appended to GrQc.csv
Objective  : REVENUE
Alg        : edl
Constraint : B=262.634, eps=0.1
Graph      : n=5242, m=28980, undirected=1
B_factor   : 0.100000
total_cost : 2626.336792
B          : 262.633679
eps        : 0.100000
f_value    : 7149.144470
queries    : 8683261
time_sec   : 10.060977
size(S)    : 1035
rss0_kb    : 5804
peak_kb    : 6068
mem_kb     : 264  (peak-baseline)
CSV        : appended to GrQc.csv
Objective  : REVENUE
Alg        : twin_greedy
Constraint : B=262.634
Graph      : n=5242, m=28980, undirected=1
B_factor   : 0.100000
total_cost : 2626.336792
B          : 262.633679
f_value    : 7057.172698
queries    : 16088206
time_sec   : 15.785165
size(S)    : 1047
rss0_kb    : 5744
peak_kb    : 6124
mem_kb     : 380  (peak-baseline)
CSV        : appended to GrQc.csv
Objective  : REVENUE
Alg        : dcs
Constraint : B=393.951, w=2
Graph      : n=5242, m=28980, undirected=1
B_factor   : 0.150000
total_cost : 2626.336792
B          : 393.950519
w          : 2
f_value    : 6497.226751
queries    : 10488
time_sec   : 0.015167
size(S)    : 741
rss0_kb    : 5784
peak_kb    : 6852
mem_kb     : 1068  (peak-baseline)
CSV        : appended to GrQc.csv
Objective  : REVENUE
Alg        : dcms
Constraint : B=393.951, w=2, eps=0.1, alpha=2
Graph      : n=5242, m=28980, undirected=1
B_factor   : 0.150000
total_cost : 2626.336792
B          : 393.950519
eps        : 0.100000
w          : 2
alpha      : 2
f_value    : 7459.155120
queries    : 570594
time_sec   : 0.590794
size(S)    : 1122
rss0_kb    : 5764
peak_kb    : 7692
mem_kb     : 1928  (peak-baseline)
CSV        : appended to GrQc.csv
Objective  : REVENUE
Alg        : algo9
Constraint : B=393.951, eps=0.1, mode=best(A,G)
Graph      : n=5242, m=28980, undirected=1
B_factor   : 0.150000
total_cost : 2626.336792
B          : 393.950519
eps        : 0.100000
f_value    : 9301.237887
queries    : 6660027
time_sec   : 5.037033
size(S)    : 1430
rss0_kb    : 5728
peak_kb    : 13908
mem_kb     : 8180  (peak-baseline)
CSV        : appended to GrQc.csv
Objective  : REVENUE
Alg        : algo10
Constraint : B=393.951, eps=0.1
Graph      : n=5242, m=28980, undirected=1
B_factor   : 0.150000
total_cost : 2626.336792
B          : 393.950519
eps        : 0.100000
f_value    : 9415.938828
queries    : 10088681
time_sec   : 7.866767
size(S)    : 1363
rss0_kb    : 6088
peak_kb    : 14064
mem_kb     : 7976  (peak-baseline)
CSV        : appended to GrQc.csv
Objective  : REVENUE
Alg        : edl
Constraint : B=393.951, eps=0.1
Graph      : n=5242, m=28980, undirected=1
B_factor   : 0.150000
total_cost : 2626.336792
B          : 393.950519
eps        : 0.100000
f_value    : 7821.423293
queries    : 8574822
time_sec   : 9.983518
size(S)    : 1307
rss0_kb    : 5776
peak_kb    : 6160
mem_kb     : 384  (peak-baseline)
CSV        : appended to GrQc.csv
Objective  : REVENUE
Alg        : twin_greedy
Constraint : B=393.951
Graph      : n=5242, m=28980, undirected=1
B_factor   : 0.150000
total_cost : 2626.336792
B          : 393.950519
f_value    : 7713.282900
queries    : 19236275
time_sec   : 18.441360
size(S)    : 1079
rss0_kb    : 5704
peak_kb    : 6084
mem_kb     : 380  (peak-baseline)
CSV        : appended to GrQc.csv
Objective  : REVENUE
Alg        : dcs
Constraint : B=525.267, w=2
Graph      : n=5242, m=28980, undirected=1
B_factor   : 0.200000
total_cost : 2626.336792
B          : 525.267358
w          : 2
f_value    : 6853.915065
queries    : 10488
time_sec   : 0.015070
size(S)    : 942
rss0_kb    : 5756
peak_kb    : 6700
mem_kb     : 944  (peak-baseline)
CSV        : appended to GrQc.csv
Objective  : REVENUE
Alg        : dcms
Constraint : B=525.267, w=2, eps=0.1, alpha=2
Graph      : n=5242, m=28980, undirected=1
B_factor   : 0.200000
total_cost : 2626.336792
B          : 525.267358
eps        : 0.100000
w          : 2
alpha      : 2
f_value    : 7924.907002
queries    : 625154
time_sec   : 0.619661
size(S)    : 1360
rss0_kb    : 5716
peak_kb    : 7644
mem_kb     : 1928  (peak-baseline)
CSV        : appended to GrQc.csv
Objective  : REVENUE
Alg        : algo9
Constraint : B=525.267, eps=0.1, mode=best(A,G)
Graph      : n=5242, m=28980, undirected=1
B_factor   : 0.200000
total_cost : 2626.336792
B          : 525.267358
eps        : 0.100000
f_value    : 9766.714613
queries    : 7597382
time_sec   : 5.632232
size(S)    : 1675
rss0_kb    : 5692
peak_kb    : 15252
mem_kb     : 9560  (peak-baseline)
CSV        : appended to GrQc.csv
Objective  : REVENUE
Alg        : algo10
Constraint : B=525.267, eps=0.1
Graph      : n=5242, m=28980, undirected=1
B_factor   : 0.200000
total_cost : 2626.336792
B          : 525.267358
eps        : 0.100000
f_value    : 9914.836296
queries    : 11365587
time_sec   : 8.720903
size(S)    : 1589
rss0_kb    : 5760
peak_kb    : 15320
mem_kb     : 9560  (peak-baseline)
CSV        : appended to GrQc.csv
Objective  : REVENUE
Alg        : edl
Constraint : B=525.267, eps=0.1
Graph      : n=5242, m=28980, undirected=1
B_factor   : 0.200000
total_cost : 2626.336792
B          : 525.267358
eps        : 0.100000
f_value    : 8113.715472
queries    : 8506816
time_sec   : 9.810968
size(S)    : 1541
rss0_kb    : 5692
peak_kb    : 6072
mem_kb     : 380  (peak-baseline)
CSV        : appended to GrQc.csv
Objective  : REVENUE
Alg        : twin_greedy
Constraint : B=525.267
Graph      : n=5242, m=28980, undirected=1
B_factor   : 0.200000
total_cost : 2626.336792
B          : 525.267358
f_value    : 8143.237521
queries    : 21590829
time_sec   : 20.447849
size(S)    : 1298
rss0_kb    : 6104
peak_kb    : 6104
mem_kb     : 0  (peak-baseline)
CSV        : appended to GrQc.csv
Objective  : REVENUE
Alg        : dcs
Constraint : B=656.584, w=2
Graph      : n=5242, m=28980, undirected=1
B_factor   : 0.250000
total_cost : 2626.336792
B          : 656.584198
w          : 2
f_value    : 7250.270464
queries    : 10488
time_sec   : 0.015246
size(S)    : 1059
rss0_kb    : 5700
peak_kb    : 6648
mem_kb     : 948  (peak-baseline)
CSV        : appended to GrQc.csv
Objective  : REVENUE
Alg        : dcms
Constraint : B=656.584, w=2, eps=0.1, alpha=2
Graph      : n=5242, m=28980, undirected=1
B_factor   : 0.250000
total_cost : 2626.336792
B          : 656.584198
eps        : 0.100000
w          : 2
alpha      : 2
f_value    : 8094.466755
queries    : 654283
time_sec   : 0.629400
size(S)    : 1542
rss0_kb    : 5752
peak_kb    : 7820
mem_kb     : 2068  (peak-baseline)
CSV        : appended to GrQc.csv
Objective  : REVENUE
Alg        : algo9
Constraint : B=656.584, eps=0.1, mode=best(A,G)
Graph      : n=5242, m=28980, undirected=1
B_factor   : 0.250000
total_cost : 2626.336792
B          : 656.584198
eps        : 0.100000
f_value    : 10051.416647
queries    : 8323485
time_sec   : 6.042557
size(S)    : 1876
rss0_kb    : 5760
peak_kb    : 16380
mem_kb     : 10620  (peak-baseline)
CSV        : appended to GrQc.csv
Objective  : REVENUE
Alg        : algo10
Constraint : B=656.584, eps=0.1
Graph      : n=5242, m=28980, undirected=1
B_factor   : 0.250000
total_cost : 2626.336792
B          : 656.584198
eps        : 0.100000
f_value    : 10231.281501
queries    : 12263107
time_sec   : 9.345959
size(S)    : 1776
rss0_kb    : 5644
peak_kb    : 16316
mem_kb     : 10672  (peak-baseline)
CSV        : appended to GrQc.csv
Objective  : REVENUE
Alg        : edl
Constraint : B=656.584, eps=0.1
Graph      : n=5242, m=28980, undirected=1
B_factor   : 0.250000
total_cost : 2626.336792
B          : 656.584198
eps        : 0.100000
f_value    : 8451.031226
queries    : 8466315
time_sec   : 9.741770
size(S)    : 1507
rss0_kb    : 5692
peak_kb    : 6072
mem_kb     : 380  (peak-baseline)
CSV        : appended to GrQc.csv
Objective  : REVENUE
Alg        : twin_greedy
Constraint : B=656.584
Graph      : n=5242, m=28980, undirected=1
B_factor   : 0.250000
total_cost : 2626.336792
B          : 656.584198
f_value    : 8415.751413
queries    : 23242035
time_sec   : 21.939379
size(S)    : 1493
rss0_kb    : 5688
peak_kb    : 6068
mem_kb     : 380  (peak-baseline)
CSV        : appended to GrQc.csv
Objective  : REVENUE
Alg        : dcs
Constraint : B=787.901, w=2
Graph      : n=5242, m=28980, undirected=1
B_factor   : 0.300000
total_cost : 2626.336792
B          : 787.901038
w          : 2
f_value    : 7384.083483
queries    : 10488
time_sec   : 0.015287
size(S)    : 1139
rss0_kb    : 5752
peak_kb    : 6708
mem_kb     : 956  (peak-baseline)
CSV        : appended to GrQc.csv
Objective  : REVENUE
Alg        : dcms
Constraint : B=787.901, w=2, eps=0.1, alpha=2
Graph      : n=5242, m=28980, undirected=1
B_factor   : 0.300000
total_cost : 2626.336792
B          : 787.901038
eps        : 0.100000
w          : 2
alpha      : 2
f_value    : 8247.761802
queries    : 698307
time_sec   : 0.656785
size(S)    : 1752
rss0_kb    : 5748
peak_kb    : 7816
mem_kb     : 2068  (peak-baseline)
CSV        : appended to GrQc.csv
Objective  : REVENUE
Alg        : algo9
Constraint : B=787.901, eps=0.1, mode=best(A,G)
Graph      : n=5242, m=28980, undirected=1
B_factor   : 0.300000
total_cost : 2626.336792
B          : 787.901038
eps        : 0.100000
f_value    : 10219.572835
queries    : 8985571
time_sec   : 6.410737
size(S)    : 2068
rss0_kb    : 5716
peak_kb    : 17328
mem_kb     : 11612  (peak-baseline)
CSV        : appended to GrQc.csv
Objective  : REVENUE
Alg        : algo10
Constraint : B=787.901, eps=0.1
Graph      : n=5242, m=28980, undirected=1
B_factor   : 0.300000
total_cost : 2626.336792
B          : 787.901038
eps        : 0.100000
f_value    : 10423.458050
queries    : 12969587
time_sec   : 9.824019
size(S)    : 1949
rss0_kb    : 5752
peak_kb    : 17368
mem_kb     : 11616  (peak-baseline)
CSV        : appended to GrQc.csv
Objective  : REVENUE
Alg        : edl
Constraint : B=787.901, eps=0.1
Graph      : n=5242, m=28980, undirected=1
B_factor   : 0.300000
total_cost : 2626.336792
B          : 787.901038
eps        : 0.100000
f_value    : 8583.308481
queries    : 8564273
time_sec   : 9.842287
size(S)    : 1682
rss0_kb    : 6060
peak_kb    : 6060
mem_kb     : 0  (peak-baseline)
CSV        : appended to GrQc.csv
Objective  : REVENUE
Alg        : twin_greedy
Constraint : B=787.901
Graph      : n=5242, m=28980, undirected=1
B_factor   : 0.300000
total_cost : 2626.336792
B          : 787.901038
f_value    : 8599.572089
queries    : 24528140
time_sec   : 23.222607
size(S)    : 1674
rss0_kb    : 5700
peak_kb    : 6080
mem_kb     : 380  (peak-baseline)
CSV        : appended to GrQc.csv
Objective  : REVENUE
Alg        : dcs
Constraint : B=919.218, w=2
Graph      : n=5242, m=28980, undirected=1
B_factor   : 0.350000
total_cost : 2626.336792
B          : 919.217877
w          : 2
f_value    : 7555.146690
queries    : 10488
time_sec   : 0.015462
size(S)    : 1185
rss0_kb    : 5756
peak_kb    : 6648
mem_kb     : 892  (peak-baseline)
CSV        : appended to GrQc.csv
Objective  : REVENUE
Alg        : dcms
Constraint : B=919.218, w=2, eps=0.1, alpha=2
Graph      : n=5242, m=28980, undirected=1
B_factor   : 0.350000
total_cost : 2626.336792
B          : 919.217877
eps        : 0.100000
w          : 2
alpha      : 2
f_value    : 8353.031324
queries    : 756565
time_sec   : 0.688346
size(S)    : 1902
rss0_kb    : 5780
peak_kb    : 7912
mem_kb     : 2132  (peak-baseline)
CSV        : appended to GrQc.csv
Objective  : REVENUE
Alg        : algo9
Constraint : B=919.218, eps=0.1, mode=best(A,G)
Graph      : n=5242, m=28980, undirected=1
B_factor   : 0.350000
total_cost : 2626.336792
B          : 919.217877
eps        : 0.100000
f_value    : 10285.011112
queries    : 9651272
time_sec   : 6.764711
size(S)    : 2254
rss0_kb    : 5772
peak_kb    : 18292
mem_kb     : 12520  (peak-baseline)
CSV        : appended to GrQc.csv
Objective  : REVENUE
Alg        : algo10
Constraint : B=919.218, eps=0.1
Graph      : n=5242, m=28980, undirected=1
B_factor   : 0.350000
total_cost : 2626.336792
B          : 919.217877
eps        : 0.100000
f_value    : 10515.742591
queries    : 13612843
time_sec   : 10.330538
size(S)    : 2110
rss0_kb    : 5772
peak_kb    : 18292
mem_kb     : 12520  (peak-baseline)
CSV        : appended to GrQc.csv
Objective  : REVENUE
Alg        : edl
Constraint : B=919.218, eps=0.1
Graph      : n=5242, m=28980, undirected=1
B_factor   : 0.350000
total_cost : 2626.336792
B          : 919.217877
eps        : 0.100000
f_value    : 8716.191797
queries    : 9495649
time_sec   : 10.934437
size(S)    : 1882
rss0_kb    : 5752
peak_kb    : 6076
mem_kb     : 324  (peak-baseline)
CSV        : appended to GrQc.csv
Objective  : REVENUE
Alg        : twin_greedy
Constraint : B=919.218
Graph      : n=5242, m=28980, undirected=1
B_factor   : 0.350000
total_cost : 2626.336792
B          : 919.217877
f_value    : 8689.051477
queries    : 25723092
time_sec   : 24.505394
size(S)    : 1867
rss0_kb    : 5756
peak_kb    : 6080
mem_kb     : 324  (peak-baseline)
CSV        : appended to GrQc.csv
Objective  : REVENUE
Alg        : dcs
Constraint : B=1050.53, w=2
Graph      : n=5242, m=28980, undirected=1
B_factor   : 0.400000
total_cost : 2626.336792
B          : 1050.534717
w          : 2
f_value    : 7529.154980
queries    : 10488
time_sec   : 0.015346
size(S)    : 1233
rss0_kb    : 5784
peak_kb    : 6860
mem_kb     : 1076  (peak-baseline)
CSV        : appended to GrQc.csv
Objective  : REVENUE
Alg        : dcms
Constraint : B=1050.53, w=2, eps=0.1, alpha=2
Graph      : n=5242, m=28980, undirected=1
B_factor   : 0.400000
total_cost : 2626.336792
B          : 1050.534717
eps        : 0.100000
w          : 2
alpha      : 2
f_value    : 8236.072282
queries    : 777846
time_sec   : 0.692017
size(S)    : 2130
rss0_kb    : 5760
peak_kb    : 7760
mem_kb     : 2000  (peak-baseline)
CSV        : appended to GrQc.csv
Objective  : REVENUE
Alg        : algo9
Constraint : B=1050.53, eps=0.1, mode=best(A,G)
Graph      : n=5242, m=28980, undirected=1
B_factor   : 0.400000
total_cost : 2626.336792
B          : 1050.534717
eps        : 0.100000
f_value    : 10287.236091
queries    : 9726093
time_sec   : 6.796151
size(S)    : 2274
rss0_kb    : 5768
peak_kb    : 18552
mem_kb     : 12784  (peak-baseline)
CSV        : appended to GrQc.csv
Objective  : REVENUE
Alg        : algo10
Constraint : B=1050.53, eps=0.1
Graph      : n=5242, m=28980, undirected=1
B_factor   : 0.400000
total_cost : 2626.336792
B          : 1050.534717
eps        : 0.100000
f_value    : 10522.614845
queries    : 13888113
time_sec   : 10.589710
size(S)    : 2126
rss0_kb    : 5720
peak_kb    : 18388
mem_kb     : 12668  (peak-baseline)
CSV        : appended to GrQc.csv
Objective  : REVENUE
Alg        : edl
Constraint : B=1050.53, eps=0.1
Graph      : n=5242, m=28980, undirected=1
B_factor   : 0.400000
total_cost : 2626.336792
B          : 1050.534717
eps        : 0.100000
f_value    : 8726.712287
queries    : 9998384
time_sec   : 11.664995
size(S)    : 2038
rss0_kb    : 5756
peak_kb    : 6080
mem_kb     : 324  (peak-baseline)
CSV        : appended to GrQc.csv
Objective  : REVENUE
Alg        : twin_greedy
Constraint : B=1050.53
Graph      : n=5242, m=28980, undirected=1
B_factor   : 0.400000
total_cost : 2626.336792
B          : 1050.534717
f_value    : 8704.819062
queries    : 26301154
time_sec   : 25.196065
size(S)    : 2026
rss0_kb    : 5772
peak_kb    : 6156
mem_kb     : 384  (peak-baseline)
CSV        : appended to GrQc.csv
Objective  : REVENUE
Alg        : dcs
Constraint : B=1181.85, w=2
Graph      : n=5242, m=28980, undirected=1
B_factor   : 0.450000
total_cost : 2626.336792
B          : 1181.851557
w          : 2
f_value    : 7617.282081
queries    : 10488
time_sec   : 0.015128
size(S)    : 1284
rss0_kb    : 5776
peak_kb    : 6720
mem_kb     : 944  (peak-baseline)
CSV        : appended to GrQc.csv
Objective  : REVENUE
Alg        : dcms
Constraint : B=1181.85, w=2, eps=0.1, alpha=2
Graph      : n=5242, m=28980, undirected=1
B_factor   : 0.450000
total_cost : 2626.336792
B          : 1181.851557
eps        : 0.100000
w          : 2
alpha      : 2
f_value    : 7531.155696
queries    : 774904
time_sec   : 0.690140
size(S)    : 2400
rss0_kb    : 5752
peak_kb    : 7696
mem_kb     : 1944  (peak-baseline)
CSV        : appended to GrQc.csv
Objective  : REVENUE
Alg        : algo9
Constraint : B=1181.85, eps=0.1, mode=best(A,G)
Graph      : n=5242, m=28980, undirected=1
B_factor   : 0.450000
total_cost : 2626.336792
B          : 1181.851557
eps        : 0.100000
f_value    : 10287.756141
queries    : 9760301
time_sec   : 6.806709
size(S)    : 2282
rss0_kb    : 5756
peak_kb    : 18428
mem_kb     : 12672  (peak-baseline)
CSV        : appended to GrQc.csv
Objective  : REVENUE
Alg        : algo10
Constraint : B=1181.85, eps=0.1
Graph      : n=5242, m=28980, undirected=1
B_factor   : 0.450000
total_cost : 2626.336792
B          : 1181.851557
eps        : 0.100000
f_value    : 10523.193465
queries    : 14012166
time_sec   : 10.718534
size(S)    : 2134
rss0_kb    : 6060
peak_kb    : 18524
mem_kb     : 12464  (peak-baseline)
CSV        : appended to GrQc.csv
Objective  : REVENUE
Alg        : edl
Constraint : B=1181.85, eps=0.1
Graph      : n=5242, m=28980, undirected=1
B_factor   : 0.450000
total_cost : 2626.336792
B          : 1181.851557
eps        : 0.100000
f_value    : 8705.007919
queries    : 9863368
time_sec   : 11.550575
size(S)    : 2020
rss0_kb    : 5696
peak_kb    : 6076
mem_kb     : 380  (peak-baseline)
CSV        : appended to GrQc.csv
Objective  : REVENUE
Alg        : twin_greedy
Constraint : B=1181.85
Graph      : n=5242, m=28980, undirected=1
B_factor   : 0.450000
total_cost : 2626.336792
B          : 1181.851557
f_value    : 8704.819062
queries    : 26301154
time_sec   : 25.166129
size(S)    : 2026
rss0_kb    : 5752
peak_kb    : 6076
mem_kb     : 324  (peak-baseline)
CSV        : appended to GrQc.csv
Objective  : REVENUE
Alg        : dcs
Constraint : B=1313.17, w=2
Graph      : n=5242, m=28980, undirected=1
B_factor   : 0.500000
total_cost : 2626.336792
B          : 1313.168396
w          : 2
f_value    : 7677.404873
queries    : 10488
time_sec   : 0.015330
size(S)    : 1334
rss0_kb    : 5772
peak_kb    : 6784
mem_kb     : 1012  (peak-baseline)
CSV        : appended to GrQc.csv
Objective  : REVENUE
Alg        : dcms
Constraint : B=1313.17, w=2, eps=0.1, alpha=2
Graph      : n=5242, m=28980, undirected=1
B_factor   : 0.500000
total_cost : 2626.336792
B          : 1313.168396
eps        : 0.100000
w          : 2
alpha      : 2
f_value    : 7045.374497
queries    : 772015
time_sec   : 0.679429
size(S)    : 2662
rss0_kb    : 5772
peak_kb    : 7828
mem_kb     : 2056  (peak-baseline)
CSV        : appended to GrQc.csv
Objective  : REVENUE
Alg        : algo9
Constraint : B=1313.17, eps=0.1, mode=best(A,G)
Graph      : n=5242, m=28980, undirected=1
B_factor   : 0.500000
total_cost : 2626.336792
B          : 1313.168396
eps        : 0.100000
f_value    : 10287.898706
queries    : 9771464
time_sec   : 6.826429
size(S)    : 2284
rss0_kb    : 5848
peak_kb    : 18516
mem_kb     : 12668  (peak-baseline)
CSV        : appended to GrQc.csv
Objective  : REVENUE
Alg        : algo10
Constraint : B=1313.17, eps=0.1
Graph      : n=5242, m=28980, undirected=1
B_factor   : 0.500000
total_cost : 2626.336792
B          : 1313.168396
eps        : 0.100000
f_value    : 10523.363805
queries    : 14027029
time_sec   : 10.702191
size(S)    : 2136
rss0_kb    : 5776
peak_kb    : 18504
mem_kb     : 12728  (peak-baseline)
CSV        : appended to GrQc.csv
Objective  : REVENUE
Alg        : edl
Constraint : B=1313.17, eps=0.1
Graph      : n=5242, m=28980, undirected=1
B_factor   : 0.500000
total_cost : 2626.336792
B          : 1313.168396
eps        : 0.100000
f_value    : 8670.665650
queries    : 9742964
time_sec   : 11.296120
size(S)    : 2028
rss0_kb    : 5692
peak_kb    : 6072
mem_kb     : 380  (peak-baseline)
CSV        : appended to GrQc.csv
Objective  : REVENUE
Alg        : twin_greedy
Constraint : B=1313.17
Graph      : n=5242, m=28980, undirected=1
B_factor   : 0.500000
total_cost : 2626.336792
B          : 1313.168396
f_value    : 8704.819062
queries    : 26301154
time_sec   : 25.123753
size(S)    : 2026
rss0_kb    : 5760
peak_kb    : 6084
mem_kb     : 324  (peak-baseline)
CSV        : appended to GrQc.csv
Objective  : REVENUE
Alg        : dcs
Constraint : B=1444.49, w=2
Graph      : n=5242, m=28980, undirected=1
B_factor   : 0.550000
total_cost : 2626.336792
B          : 1444.485236
w          : 2
f_value    : 7735.763332
queries    : 10488
time_sec   : 0.014609
size(S)    : 1264
rss0_kb    : 6060
peak_kb    : 6752
mem_kb     : 692  (peak-baseline)
CSV        : appended to GrQc.csv
Objective  : REVENUE
Alg        : dcms
Constraint : B=1444.49, w=2, eps=0.1, alpha=2
Graph      : n=5242, m=28980, undirected=1
B_factor   : 0.550000
total_cost : 2626.336792
B          : 1444.485236
eps        : 0.100000
w          : 2
alpha      : 2
f_value    : 6355.482319
queries    : 789090
time_sec   : 0.691463
size(S)    : 2913
rss0_kb    : 5756
peak_kb    : 7700
mem_kb     : 1944  (peak-baseline)
CSV        : appended to GrQc.csv
Objective  : REVENUE
Alg        : algo9
Constraint : B=1444.49, eps=0.1, mode=best(A,G)
Graph      : n=5242, m=28980, undirected=1
B_factor   : 0.550000
total_cost : 2626.336792
B          : 1444.485236
eps        : 0.100000
f_value    : 10287.898706
queries    : 9776706
time_sec   : 6.830764
size(S)    : 2284
rss0_kb    : 5776
peak_kb    : 18560
mem_kb     : 12784  (peak-baseline)
CSV        : appended to GrQc.csv
Objective  : REVENUE
Alg        : algo10
Constraint : B=1444.49, eps=0.1
Graph      : n=5242, m=28980, undirected=1
B_factor   : 0.550000
total_cost : 2626.336792
B          : 1444.485236
eps        : 0.100000
f_value    : 10523.363805
queries    : 14041138
time_sec   : 10.707538
size(S)    : 2136
rss0_kb    : 5740
peak_kb    : 18464
mem_kb     : 12724  (peak-baseline)
CSV        : appended to GrQc.csv
Objective  : REVENUE
Alg        : edl
Constraint : B=1444.49, eps=0.1
Graph      : n=5242, m=28980, undirected=1
B_factor   : 0.550000
total_cost : 2626.336792
B          : 1444.485236
eps        : 0.100000
f_value    : 8741.586213
queries    : 9636942
time_sec   : 11.329705
size(S)    : 2019
rss0_kb    : 5748
peak_kb    : 6128
mem_kb     : 380  (peak-baseline)
CSV        : appended to GrQc.csv
Objective  : REVENUE
Alg        : twin_greedy
Constraint : B=1444.49
Graph      : n=5242, m=28980, undirected=1
B_factor   : 0.550000
total_cost : 2626.336792
B          : 1444.485236
f_value    : 8704.819062
queries    : 26301154
time_sec   : 25.113898
size(S)    : 2026
rss0_kb    : 5692
peak_kb    : 6072
mem_kb     : 380  (peak-baseline)
CSV        : appended to GrQc.csv
Objective  : REVENUE
Alg        : dcs
Constraint : B=1575.8, w=2
Graph      : n=5242, m=28980, undirected=1
B_factor   : 0.600000
total_cost : 2626.336792
B          : 1575.802075
w          : 2
f_value    : 7828.598415
queries    : 10488
time_sec   : 0.014918
size(S)    : 1425
rss0_kb    : 5768
peak_kb    : 6712
mem_kb     : 944  (peak-baseline)
CSV        : appended to GrQc.csv
Objective  : REVENUE
Alg        : dcms
Constraint : B=1575.8, w=2, eps=0.1, alpha=2
Graph      : n=5242, m=28980, undirected=1
B_factor   : 0.600000
total_cost : 2626.336792
B          : 1575.802075
eps        : 0.100000
w          : 2
alpha      : 2
f_value    : 5905.205335
queries    : 786246
time_sec   : 0.685147
size(S)    : 3192
rss0_kb    : 5744
peak_kb    : 7796
mem_kb     : 2052  (peak-baseline)
CSV        : appended to GrQc.csv
Objective  : REVENUE
Alg        : algo9
Constraint : B=1575.8, eps=0.1, mode=best(A,G)
Graph      : n=5242, m=28980, undirected=1
B_factor   : 0.600000
total_cost : 2626.336792
B          : 1575.802075
eps        : 0.100000
f_value    : 10288.083700
queries    : 9790822
time_sec   : 6.891835
size(S)    : 2287
rss0_kb    : 5728
peak_kb    : 18456
mem_kb     : 12728  (peak-baseline)
CSV        : appended to GrQc.csv
Objective  : REVENUE
Alg        : algo10
Constraint : B=1575.8, eps=0.1
Graph      : n=5242, m=28980, undirected=1
B_factor   : 0.600000
total_cost : 2626.336792
B          : 1575.802075
eps        : 0.100000
f_value    : 10523.550462
queries    : 14054130
time_sec   : 10.741917
size(S)    : 2139
rss0_kb    : 5688
peak_kb    : 18416
mem_kb     : 12728  (peak-baseline)
CSV        : appended to GrQc.csv
Objective  : REVENUE
Alg        : edl
Constraint : B=1575.8, eps=0.1
Graph      : n=5242, m=28980, undirected=1
B_factor   : 0.600000
total_cost : 2626.336792
B          : 1575.802075
eps        : 0.100000
f_value    : 8730.843839
queries    : 9536044
time_sec   : 11.191498
size(S)    : 2022
rss0_kb    : 5756
peak_kb    : 6140
mem_kb     : 384  (peak-baseline)
CSV        : appended to GrQc.csv
Objective  : REVENUE
Alg        : twin_greedy
Constraint : B=1575.8
Graph      : n=5242, m=28980, undirected=1
B_factor   : 0.600000
total_cost : 2626.336792
B          : 1575.802075
f_value    : 8704.819062
queries    : 26301154
time_sec   : 25.199824
size(S)    : 2026
rss0_kb    : 5764
peak_kb    : 6148
mem_kb     : 384  (peak-baseline)
CSV        : appended to GrQc.csv
Objective  : REVENUE
Alg        : dcs
Constraint : B=1707.12, w=2
Graph      : n=5242, m=28980, undirected=1
B_factor   : 0.650000
total_cost : 2626.336792
B          : 1707.118915
w          : 2
f_value    : 7904.592820
queries    : 10488
time_sec   : 0.015321
size(S)    : 1467
rss0_kb    : 6108
peak_kb    : 6736
mem_kb     : 628  (peak-baseline)
CSV        : appended to GrQc.csv
Objective  : REVENUE
Alg        : dcms
Constraint : B=1707.12, w=2, eps=0.1, alpha=2
Graph      : n=5242, m=28980, undirected=1
B_factor   : 0.650000
total_cost : 2626.336792
B          : 1707.118915
eps        : 0.100000
w          : 2
alpha      : 2
f_value    : 5390.196549
queries    : 766640
time_sec   : 0.672765
size(S)    : 3459
rss0_kb    : 6104
peak_kb    : 7784
mem_kb     : 1680  (peak-baseline)
CSV        : appended to GrQc.csv
Objective  : REVENUE
Alg        : algo9
Constraint : B=1707.12, eps=0.1, mode=best(A,G)
Graph      : n=5242, m=28980, undirected=1
B_factor   : 0.650000
total_cost : 2626.336792
B          : 1707.118915
eps        : 0.100000
f_value    : 10288.083700
queries    : 9796064
time_sec   : 6.832113
size(S)    : 2287
rss0_kb    : 5752
peak_kb    : 18424
mem_kb     : 12672  (peak-baseline)
CSV        : appended to GrQc.csv
Objective  : REVENUE
Alg        : algo10
Constraint : B=1707.12, eps=0.1
Graph      : n=5242, m=28980, undirected=1
B_factor   : 0.650000
total_cost : 2626.336792
B          : 1707.118915
eps        : 0.100000
f_value    : 10523.550462
queries    : 14066488
time_sec   : 10.634877
size(S)    : 2139
rss0_kb    : 5756
peak_kb    : 18504
mem_kb     : 12748  (peak-baseline)
CSV        : appended to GrQc.csv
Objective  : REVENUE
Alg        : edl
Constraint : B=1707.12, eps=0.1
Graph      : n=5242, m=28980, undirected=1
B_factor   : 0.650000
total_cost : 2626.336792
B          : 1707.118915
eps        : 0.100000
f_value    : 8723.983366
queries    : 9452786
time_sec   : 11.069623
size(S)    : 2040
rss0_kb    : 5752
peak_kb    : 6072
mem_kb     : 320  (peak-baseline)
CSV        : appended to GrQc.csv
Objective  : REVENUE
Alg        : twin_greedy
Constraint : B=1707.12
Graph      : n=5242, m=28980, undirected=1
B_factor   : 0.650000
total_cost : 2626.336792
B          : 1707.118915
f_value    : 8704.819062
queries    : 26301154
time_sec   : 25.174308
size(S)    : 2026
rss0_kb    : 5756
peak_kb    : 6140
mem_kb     : 384  (peak-baseline)
CSV        : appended to GrQc.csv
