Objective  : REVENUE
Alg        : dcs
Constraint : B=601.578, w=2
Graph      : n=12008, m=237010, undirected=1
B_factor   : 0.100000
total_cost : 6015.781734
B          : 601.578173
w          : 2
f_value    : 37443.166141
queries    : 24020
time_sec   : 0.374605
size(S)    : 1185
rss0_kb    : 21460
peak_kb    : 22272
mem_kb     : 812  (peak-baseline)
CSV        : appended to Hept.csv
Objective  : REVENUE
Alg        : dcms
Constraint : B=601.578, w=2, eps=0.1, alpha=2
Graph      : n=12008, m=237010, undirected=1
B_factor   : 0.100000
total_cost : 6015.781734
B          : 601.578173
eps        : 0.100000
w          : 2
alpha      : 2
f_value    : 43945.489616
queries    : 1376143
time_sec   : 22.315776
size(S)    : 1792
rss0_kb    : 21516
peak_kb    : 24244
mem_kb     : 2728  (peak-baseline)
CSV        : appended to Hept.csv
Objective  : REVENUE
Alg        : algo9
Constraint : B=601.578, eps=0.1, mode=best(A,G)
Graph      : n=12008, m=237010, undirected=1
B_factor   : 0.100000
total_cost : 6015.781734
B          : 601.578173
eps        : 0.100000
f_value    : 48934.706512
queries    : 25690277
time_sec   : 201.306287
size(S)    : 2323
rss0_kb    : 21532
peak_kb    : 49816
mem_kb     : 28284  (peak-baseline)
CSV        : appended to Hept.csv
Objective  : REVENUE
Alg        : algo10
Constraint : B=601.578, eps=0.1
Graph      : n=12008, m=237010, undirected=1
B_factor   : 0.100000
total_cost : 6015.781734
B          : 601.578173
eps        : 0.100000
f_value    : 51613.147315
queries    : 40910375
time_sec   : 268.906169
size(S)    : 2252
rss0_kb    : 21544
peak_kb    : 50020
mem_kb     : 28476  (peak-baseline)
CSV        : appended to Hept.csv
Objective  : REVENUE
Alg        : edl
Constraint : B=601.578, eps=0.1
Graph      : n=12008, m=237010, undirected=1
B_factor   : 0.100000
total_cost : 6015.781734
B          : 601.578173
eps        : 0.100000
f_value    : 43159.455650
queries    : 20732310
time_sec   : 233.593759
size(S)    : 1992
rss0_kb    : 21548
peak_kb    : 22380
mem_kb     : 832  (peak-baseline)
CSV        : appended to Hept.csv
Objective  : REVENUE
Alg        : twin_greedy
Constraint : B=601.578
Graph      : n=12008, m=237010, undirected=1
B_factor   : 0.100000
total_cost : 6015.781734
B          : 601.578173
f_value    : 41297.005072
queries    : 77731220
time_sec   : 673.961771
size(S)    : 1891
rss0_kb    : 21528
peak_kb    : 22400
mem_kb     : 872  (peak-baseline)
CSV        : appended to Hept.csv
Objective  : REVENUE
Alg        : dcs
Constraint : B=902.367, w=2
Graph      : n=12008, m=237010, undirected=1
B_factor   : 0.150000
total_cost : 6015.781734
B          : 902.367260
w          : 2
f_value    : 39766.001480
queries    : 24020
time_sec   : 0.374127
size(S)    : 1383
rss0_kb    : 21524
peak_kb    : 21524
mem_kb     : 0  (peak-baseline)
CSV        : appended to Hept.csv
Objective  : REVENUE
Alg        : dcms
Constraint : B=902.367, w=2, eps=0.1, alpha=2
Graph      : n=12008, m=237010, undirected=1
B_factor   : 0.150000
total_cost : 6015.781734
B          : 902.367260
eps        : 0.100000
w          : 2
alpha      : 2
f_value    : 46747.993043
queries    : 1540837
time_sec   : 22.877791
size(S)    : 2427
rss0_kb    : 21504
peak_kb    : 24136
mem_kb     : 2632  (peak-baseline)
CSV        : appended to Hept.csv
Objective  : REVENUE
Alg        : algo9
Constraint : B=902.367, eps=0.1, mode=best(A,G)
Graph      : n=12008, m=237010, undirected=1
B_factor   : 0.150000
total_cost : 6015.781734
B          : 902.367260
eps        : 0.100000
f_value    : 52679.392359
queries    : 32152280
time_sec   : 224.514059
size(S)    : 3006
rss0_kb    : 21616
peak_kb    : 57724
mem_kb     : 36108  (peak-baseline)
CSV        : appended to Hept.csv
Objective  : REVENUE
Alg        : algo10
Constraint : B=902.367, eps=0.1
Graph      : n=12008, m=237010, undirected=1
B_factor   : 0.150000
total_cost : 6015.781734
B          : 902.367260
eps        : 0.100000
f_value    : 55811.392249
queries    : 50328745
time_sec   : 297.418331
size(S)    : 2894
rss0_kb    : 21492
peak_kb    : 57784
mem_kb     : 36292  (peak-baseline)
CSV        : appended to Hept.csv
Objective  : REVENUE
Alg        : edl
Constraint : B=902.367, eps=0.1
Graph      : n=12008, m=237010, undirected=1
B_factor   : 0.150000
total_cost : 6015.781734
B          : 902.367260
eps        : 0.100000
f_value    : 45983.213111
queries    : 20879585
time_sec   : 231.601589
size(S)    : 2642
rss0_kb    : 21608
peak_kb    : 21608
mem_kb     : 0  (peak-baseline)
CSV        : appended to Hept.csv
Objective  : REVENUE
Alg        : twin_greedy
Constraint : B=902.367
Graph      : n=12008, m=237010, undirected=1
B_factor   : 0.150000
total_cost : 6015.781734
B          : 902.367260
f_value    : 43932.447898
queries    : 96114424
time_sec   : 774.815214
size(S)    : 2490
rss0_kb    : 21572
peak_kb    : 22392
mem_kb     : 820  (peak-baseline)
CSV        : appended to Hept.csv
Objective  : REVENUE
Alg        : dcs
Constraint : B=1203.16, w=2
Graph      : n=12008, m=237010, undirected=1
B_factor   : 0.200000
total_cost : 6015.781734
B          : 1203.156347
w          : 2
f_value    : 41162.096289
queries    : 24020
time_sec   : 0.375522
size(S)    : 1604
rss0_kb    : 21528
peak_kb    : 22280
mem_kb     : 752  (peak-baseline)
CSV        : appended to Hept.csv
Objective  : REVENUE
Alg        : dcms
Constraint : B=1203.16, w=2, eps=0.1, alpha=2
Graph      : n=12008, m=237010, undirected=1
B_factor   : 0.200000
total_cost : 6015.781734
B          : 1203.156347
eps        : 0.100000
w          : 2
alpha      : 2
f_value    : 47140.975224
queries    : 1640001
time_sec   : 23.073637
size(S)    : 2999
rss0_kb    : 21468
peak_kb    : 24420
mem_kb     : 2952  (peak-baseline)
CSV        : appended to Hept.csv
Objective  : REVENUE
Alg        : algo9
Constraint : B=1203.16, eps=0.1, mode=best(A,G)
Graph      : n=12008, m=237010, undirected=1
B_factor   : 0.200000
total_cost : 6015.781734
B          : 1203.156347
eps        : 0.100000
f_value    : 54810.371017
queries    : 37356717
time_sec   : 242.568233
size(S)    : 3595
rss0_kb    : 21556
peak_kb    : 64948
mem_kb     : 43392  (peak-baseline)
CSV        : appended to Hept.csv
Objective  : REVENUE
Alg        : algo10
Constraint : B=1203.16, eps=0.1
Graph      : n=12008, m=237010, undirected=1
B_factor   : 0.200000
total_cost : 6015.781734
B          : 1203.156347
eps        : 0.100000
f_value    : 58214.881975
queries    : 57405418
time_sec   : 320.993719
size(S)    : 3435
rss0_kb    : 21596
peak_kb    : 64880
mem_kb     : 43284  (peak-baseline)
CSV        : appended to Hept.csv
Objective  : REVENUE
Alg        : edl
Constraint : B=1203.16, eps=0.1
Graph      : n=12008, m=237010, undirected=1
B_factor   : 0.200000
total_cost : 6015.781734
B          : 1203.156347
eps        : 0.100000
f_value    : 48035.322262
queries    : 21033839
time_sec   : 227.047232
size(S)    : 3193
rss0_kb    : 21636
peak_kb    : 21636
mem_kb     : 0  (peak-baseline)
CSV        : appended to Hept.csv
Objective  : REVENUE
Alg        : twin_greedy
Constraint : B=1203.16
Graph      : n=12008, m=237010, undirected=1
B_factor   : 0.200000
total_cost : 6015.781734
B          : 1203.156347
f_value    : 45245.708378
queries    : 109958226
time_sec   : 863.528513
size(S)    : 3031
rss0_kb    : 21516
peak_kb    : 22324
mem_kb     : 808  (peak-baseline)
CSV        : appended to Hept.csv
Objective  : REVENUE
Alg        : dcs
Constraint : B=1503.95, w=2
Graph      : n=12008, m=237010, undirected=1
B_factor   : 0.250000
total_cost : 6015.781734
B          : 1503.945434
w          : 2
f_value    : 42414.029163
queries    : 24020
time_sec   : 0.378676
size(S)    : 1749
rss0_kb    : 21444
peak_kb    : 22312
mem_kb     : 868  (peak-baseline)
CSV        : appended to Hept.csv
Objective  : REVENUE
Alg        : dcms
Constraint : B=1503.95, w=2, eps=0.1, alpha=2
Graph      : n=12008, m=237010, undirected=1
B_factor   : 0.250000
total_cost : 6015.781734
B          : 1503.945434
eps        : 0.100000
w          : 2
alpha      : 2
f_value    : 48645.987809
queries    : 1713912
time_sec   : 23.513892
size(S)    : 3532
rss0_kb    : 21524
peak_kb    : 24756
mem_kb     : 3232  (peak-baseline)
CSV        : appended to Hept.csv
Objective  : REVENUE
Alg        : algo9
Constraint : B=1503.95, eps=0.1, mode=best(A,G)
Graph      : n=12008, m=237010, undirected=1
B_factor   : 0.250000
total_cost : 6015.781734
B          : 1503.945434
eps        : 0.100000
f_value    : 56028.364095
queries    : 41732629
time_sec   : 258.610492
size(S)    : 4124
rss0_kb    : 21464
peak_kb    : 70828
mem_kb     : 49364  (peak-baseline)
CSV        : appended to Hept.csv
Objective  : REVENUE
Alg        : algo10
Constraint : B=1503.95, eps=0.1
Graph      : n=12008, m=237010, undirected=1
B_factor   : 0.250000
total_cost : 6015.781734
B          : 1503.945434
eps        : 0.100000
f_value    : 59631.280341
queries    : 62674937
time_sec   : 346.905242
size(S)    : 3910
rss0_kb    : 21524
peak_kb    : 71096
mem_kb     : 49572  (peak-baseline)
CSV        : appended to Hept.csv
Objective  : REVENUE
Alg        : edl
Constraint : B=1503.95, eps=0.1
Graph      : n=12008, m=237010, undirected=1
B_factor   : 0.250000
total_cost : 6015.781734
B          : 1503.945434
eps        : 0.100000
f_value    : 46127.725891
queries    : 21323412
time_sec   : 220.429931
size(S)    : 3468
rss0_kb    : 21496
peak_kb    : 22268
mem_kb     : 772  (peak-baseline)
CSV        : appended to Hept.csv
Objective  : REVENUE
Alg        : twin_greedy
Constraint : B=1503.95
Graph      : n=12008, m=237010, undirected=1
B_factor   : 0.250000
total_cost : 6015.781734
B          : 1503.945434
f_value    : 45955.320652
queries    : 120006889
time_sec   : 959.182004
size(S)    : 3509
rss0_kb    : 21604
peak_kb    : 22404
mem_kb     : 800  (peak-baseline)
CSV        : appended to Hept.csv
Objective  : REVENUE
Alg        : dcs
Constraint : B=1804.73, w=2
Graph      : n=12008, m=237010, undirected=1
B_factor   : 0.300000
total_cost : 6015.781734
B          : 1804.734520
w          : 2
f_value    : 40867.042501
queries    : 24020
time_sec   : 0.380128
size(S)    : 1800
rss0_kb    : 21524
peak_kb    : 22280
mem_kb     : 756  (peak-baseline)
CSV        : appended to Hept.csv
Objective  : REVENUE
Alg        : dcms
Constraint : B=1804.73, w=2, eps=0.1, alpha=2
Graph      : n=12008, m=237010, undirected=1
B_factor   : 0.300000
total_cost : 6015.781734
B          : 1804.734520
eps        : 0.100000
w          : 2
alpha      : 2
f_value    : 40019.165678
queries    : 1795702
time_sec   : 24.340940
size(S)    : 4065
rss0_kb    : 21600
peak_kb    : 24804
mem_kb     : 3204  (peak-baseline)
CSV        : appended to Hept.csv
